"../../../../../Documents/GitHub/TheFugletProblem2/Content/LS_CameraSequence.uasset" 0
"../../../../../Documents/GitHub/TheFugletProblem2/Content/Cinematics/Sequences/CameraSequence/shots/shot0010/shot0010_01.uasset" 1
"../../../../../Documents/GitHub/TheFugletProblem2/Content/Cinematics/Sequences/CameraSequence/shots/shot0020/shot0020_01.uasset" 2
"../../../../../Documents/GitHub/TheFugletProblem2/Content/Cinematics/Sequences/CameraSequence/shots/shot0030/shot0030_01.uasset" 3
"../../../../../Documents/GitHub/TheFugletProblem2/Content/Cinematics/Sequences/CameraSequence/shots/shot0040/shot0040_01.uasset" 4
"../../../../../Documents/GitHub/TheFugletProblem2/Content/Cinematics/Sequences/CameraSequence/shots/shot0050/shot0050_01.uasset" 5
"../../../../../Documents/GitHub/TheFugletProblem2/Content/Cinematics/Sequences/CameraSequence/CameraSequenceMaster.uasset" 6
"../../../../../Documents/GitHub/TheFugletProblem2/Content/MF_Pixelate.uasset" 7
"../../../../../Documents/GitHub/TheFugletProblem2/Content/download.uasset" 8
"../../../../../Documents/GitHub/TheFugletProblem2/Content/download_Mat.uasset" 9
"../../../../../Documents/GitHub/TheFugletProblem2/Content/Fuglets/download_Mat.uasset" 10
"../../../../../Documents/GitHub/TheFugletProblem2/Content/Starter/Geometry/Meshes/CubeMaterial.uasset" 11
"../../../../../Documents/GitHub/TheFugletProblem2/Content/Starter/Geometry/Meshes/1M_Cube_Chamfer.uasset" 12
"../../../Engine/Content/Animation/DefaultAnimBoneCompressionSettings.uasset" 13
"../../../../../Documents/GitHub/TheFugletProblem2/Content/Starter/Mannequin/Character/Mesh/UE4_Mannequin_Skeleton.uasset" 14
"../../../../../Documents/GitHub/TheFugletProblem2/Content/Starter/Mannequin/Animations/ThirdPersonJump_End.uasset" 15
"../../../../../Documents/GitHub/TheFugletProblem2/Content/Starter/Mannequin/Animations/ThirdPerson_Jump.uasset" 16
"../../../../../Documents/GitHub/TheFugletProblem2/Content/Starter/Mannequin/Animations/ThirdPersonJump_Loop.uasset" 17
"../../../../../Documents/GitHub/TheFugletProblem2/Content/Starter/Mannequin/Animations/ThirdPersonJump_Start.uasset" 18
"../../../../../Documents/GitHub/TheFugletProblem2/Content/Starter/Mannequin/Animations/ThirdPersonIdle.uasset" 19
"../../../../../Documents/GitHub/TheFugletProblem2/Content/Starter/Mannequin/Animations/ThirdPersonRun.uasset" 20
"../../../../../Documents/GitHub/TheFugletProblem2/Content/Starter/Mannequin/Animations/ThirdPersonWalk.uasset" 21
"../../../../../Documents/GitHub/TheFugletProblem2/Content/Starter/Mannequin/Animations/ThirdPerson_IdleRun_2D.uasset" 22
"../../../Engine/Content/EditorBlueprintResources/StandardMacros.uasset" 23
"../../../../../Documents/GitHub/TheFugletProblem2/Content/Fuglets/fuglet2D_Skeleton.uasset" 24
"../../../../../Documents/GitHub/TheFugletProblem2/Content/Fuglets/fuglet2D_jump.uasset" 25
"../../../../../Documents/GitHub/TheFugletProblem2/Content/Fuglets/fuglet2D_idle.uasset" 26
"../../../../../Documents/GitHub/TheFugletProblem2/Content/Fuglets/fuglet2D_walk.uasset" 27
"../../../../../Documents/GitHub/TheFugletProblem2/Content/Fuglets/IdleRun.uasset" 28
"../../../../../Documents/GitHub/TheFugletProblem2/Content/Fuglets/ABP_Fuglet.uasset" 29
"../../../../../Documents/GitHub/TheFugletProblem2/Content/Hand/hand_Skeleton.uasset" 30
"../../../../../Documents/GitHub/TheFugletProblem2/Content/Hand/hand_petting.uasset" 31
"../../../../../Documents/GitHub/TheFugletProblem2/Content/Hand/hand_Empty.uasset" 32
"../../../../../Documents/GitHub/TheFugletProblem2/Content/Hand/hand_Holding.uasset" 33
"../../../../../Documents/GitHub/TheFugletProblem2/Content/Hand/Empty-Grabbing.uasset" 34
"../../../../../Documents/GitHub/TheFugletProblem2/Content/Hand/ABP_Hand.uasset" 35
"../../../../../Documents/GitHub/TheFugletProblem2/Content/Fuglets/BP_Fuglet_Player.uasset" 36
"../../../../../Documents/GitHub/TheFugletProblem2/Content/Hand/fuglethand.uasset" 37
"../../../../../Documents/GitHub/TheFugletProblem2/Content/Hand/fuglethand_Mat.uasset" 38
"../../../../../Documents/GitHub/TheFugletProblem2/Content/Hand/hand_PhysicsAsset.uasset" 39
"../../../../../Documents/GitHub/TheFugletProblem2/Content/Hand/hand.uasset" 40
"../../../../../Documents/GitHub/TheFugletProblem2/Content/Hand/BP_FugletHand.uasset" 41
"../../../../../Documents/GitHub/TheFugletProblem2/Content/Hand/BP_HandSpawner.uasset" 42
"../../../../../Documents/GitHub/TheFugletProblem2/Content/Hand/BP_FeedingHand.uasset" 43
"../../../Engine/Content/BasicShapes/BasicShapeMaterial.uasset" 44
"../../../../../Documents/GitHub/TheFugletProblem2/Content/carrot-png-transparent-images-png-only-32.uasset" 45
"../../../../../Documents/GitHub/TheFugletProblem2/Content/carrot-png-transparent-images-png-only-32_Mat.uasset" 46
"../../../Engine/Content/Functions/Engine_MaterialFunctions01/Opacity/CameraDepthFade.uasset" 47
"../../../Engine/Content/EngineMaterials/T_Default_Material_Grid_M.uasset" 48
"../../../Engine/Content/EngineMaterials/T_Default_Material_Grid_N.uasset" 49
"../../../Engine/Content/EngineMaterials/WorldGridMaterial.uasset" 50
"../../../Engine/Content/BasicShapes/Plane.uasset" 51
"../../../Engine/Content/EngineMaterials/DefaultMaterial.uasset" 52
"../../../Engine/Content/BasicShapes/Sphere.uasset" 53
"../../../../../Documents/GitHub/TheFugletProblem2/Content/BP_Food.uasset" 54
"../../../../../Documents/GitHub/TheFugletProblem2/Content/Fuglets/BP_FugletAI.uasset" 55
"../../../../../Documents/GitHub/TheFugletProblem2/Content/Fuglets/BP_Fuglet_AI.uasset" 56
"../../../../../Documents/GitHub/TheFugletProblem2/Content/Fuglets/E_FacialExpressions.uasset" 57
"../../../Engine/Content/Functions/Engine_MaterialFunctions02/HueShift.uasset" 58
"../../../Engine/Content/Functions/Engine_MaterialFunctions02/Lerp_3Color.uasset" 59
"../../../Engine/Content/Functions/Engine_MaterialFunctions02/Utility/MakeFloat2.uasset" 60
"../../../../../Documents/GitHub/TheFugletProblem2/Content/crumpled-papernormal.uasset" 61
"../../../../../Documents/GitHub/TheFugletProblem2/Content/Fuglets/FugletTexture.uasset" 62
"../../../../../Documents/GitHub/TheFugletProblem2/Content/Fuglets/fuglettextureface.uasset" 63
"../../../../../Documents/GitHub/TheFugletProblem2/Content/Fuglets/fuglettexturefaces.uasset" 64
"../../../../../Documents/GitHub/TheFugletProblem2/Content/Fuglets/M_Fuglet.uasset" 65
"../../../../../Documents/GitHub/TheFugletProblem2/Content/Fuglets/MI_Fuglet.uasset" 66
"../../../../../Documents/GitHub/TheFugletProblem2/Content/Fuglets/fuglet2D_PhysicsAsset.uasset" 67
"../../../../../Documents/GitHub/TheFugletProblem2/Content/Fuglets/fuglet2D.uasset" 68
"../../../../../Documents/GitHub/TheFugletProblem2/Content/Fuglets/BP_Fuglet.uasset" 69
"../../../../../Documents/GitHub/TheFugletProblem2/Content/Starter/Mannequin/Animations/ThirdPerson_AnimBP.uasset" 70
"../../../Engine/Content/Functions/Engine_MaterialFunctions02/Utility/BlendAngleCorrectedNormals.uasset" 71
"../../../Engine/Content/Functions/MaterialLayerFunctions/MatLayerBlend_NormalBlend.uasset" 72
"../../../Engine/Content/Functions/MaterialLayerFunctions/MatLayerBlend_Simple.uasset" 73
"../../../../../Documents/GitHub/TheFugletProblem2/Content/Starter/Mannequin/Character/Materials/MaterialLayers/T_ML_Rubber_Blue_01_D.uasset" 74
"../../../../../Documents/GitHub/TheFugletProblem2/Content/Starter/Mannequin/Character/Materials/MaterialLayers/T_ML_Rubber_Blue_01_N.uasset" 75
"../../../../../Documents/GitHub/TheFugletProblem2/Content/Starter/Mannequin/Character/Materials/MaterialLayers/ML_GlossyBlack_Latex_UE4.uasset" 76
"../../../../../Documents/GitHub/TheFugletProblem2/Content/Starter/Mannequin/Character/Materials/MaterialLayers/ML_Plastic_Shiny_Beige.uasset" 77
"../../../../../Documents/GitHub/TheFugletProblem2/Content/Starter/Mannequin/Character/Textures/UE4_LOGO_CARD.uasset" 78
"../../../../../Documents/GitHub/TheFugletProblem2/Content/Starter/Mannequin/Character/Materials/MaterialLayers/ML_Plastic_Shiny_Beige_LOGO.uasset" 79
"../../../../../Documents/GitHub/TheFugletProblem2/Content/Starter/Mannequin/Character/Materials/MaterialLayers/T_ML_Aluminum01.uasset" 80
"../../../../../Documents/GitHub/TheFugletProblem2/Content/Starter/Mannequin/Character/Materials/MaterialLayers/T_ML_Aluminum01_N.uasset" 81
"../../../../../Documents/GitHub/TheFugletProblem2/Content/Starter/Mannequin/Character/Materials/MaterialLayers/ML_SoftMetal_UE4.uasset" 82
"../../../../../Documents/GitHub/TheFugletProblem2/Content/Starter/Mannequin/Character/Textures/UE4_Mannequin__normals.uasset" 83
"../../../../../Documents/GitHub/TheFugletProblem2/Content/Starter/Mannequin/Character/Textures/UE4_Mannequin_MAT_MASKA.uasset" 84
"../../../../../Documents/GitHub/TheFugletProblem2/Content/Starter/Mannequin/Character/Materials/M_UE4Man_Body.uasset" 85
"../../../../../Documents/GitHub/TheFugletProblem2/Content/Starter/Mannequin/Character/Textures/UE4Man_Logo_N.uasset" 86
"../../../../../Documents/GitHub/TheFugletProblem2/Content/Starter/Mannequin/Character/Materials/M_UE4Man_ChestLogo.uasset" 87
"../../../../../Documents/GitHub/TheFugletProblem2/Content/Starter/Mannequin/Character/Mesh/SK_Mannequin_PhysicsAsset.uasset" 88
"../../../../../Documents/GitHub/TheFugletProblem2/Content/Starter/Mannequin/Character/Mesh/SK_Mannequin.uasset" 89
"../../../../../Documents/GitHub/TheFugletProblem2/Content/Starter/SideScrollerBP/SideScrollerOverview.uasset" 90
"../../../../../Documents/GitHub/TheFugletProblem2/Content/Starter/SideScrollerBP/Blueprints/SideScrollerGameMode.uasset" 91
"../../../../../Documents/GitHub/TheFugletProblem2/Content/Starter/SideScrollerBP/Meshes/CubeMaterial.uasset" 92
"../../../../../Documents/GitHub/TheFugletProblem2/Content/Starter/SideScrollerBP/Meshes/Ramp_Mesh.uasset" 93
"../../../../../Documents/GitHub/TheFugletProblem2/Content/Starter/StarterContent/Audio/Collapse01.uasset" 94
"../../../../../Documents/GitHub/TheFugletProblem2/Content/Starter/StarterContent/Audio/Collapse02.uasset" 95
"../../../../../Documents/GitHub/TheFugletProblem2/Content/Starter/StarterContent/Audio/Explosion01.uasset" 96
"../../../../../Documents/GitHub/TheFugletProblem2/Content/Starter/StarterContent/Audio/Explosion02.uasset" 97
"../../../../../Documents/GitHub/TheFugletProblem2/Content/Starter/StarterContent/Audio/Fire01.uasset" 98
"../../../../../Documents/GitHub/TheFugletProblem2/Content/Starter/StarterContent/Audio/Fire_Sparks01.uasset" 99
"../../../../../Documents/GitHub/TheFugletProblem2/Content/Starter/StarterContent/Audio/Light01.uasset" 100
"../../../../../Documents/GitHub/TheFugletProblem2/Content/Starter/StarterContent/Audio/Light02.uasset" 101
"../../../../../Documents/GitHub/TheFugletProblem2/Content/Starter/StarterContent/Audio/Smoke01.uasset" 102
"../../../../../Documents/GitHub/TheFugletProblem2/Content/Starter/StarterContent/Audio/Starter_Music01.uasset" 103
"../../../../../Documents/GitHub/TheFugletProblem2/Content/Starter/StarterContent/Audio/Steam01.uasset" 104
"../../../Engine/Content/Animation/DefaultAnimCurveCompressionSettings.uasset" 105
"../../../Engine/Content/ArtTools/RenderToTexture/Meshes/S_1_Unit_Plane.uasset" 106
"../../../Engine/Content/BasicShapes/Cone.uasset" 107
"../../../Engine/Content/BasicShapes/Cylinder.uasset" 108
"../../../Engine/Content/EditorLandscapeResources/DataLayer.uasset" 109
"../../../Engine/Content/EditorMaterials/MAT_Groups_Toggle.uasset" 110
"../../../Engine/Content/EditorMaterials/MAT_Groups_Visibility.uasset" 111
"../../../Engine/Content/EditorMaterials/PreviewShadowIndicator.uasset" 112
"../../../Engine/Content/EditorMaterials/PreviewShadowIndicatorMaterial.uasset" 113
"../../../Engine/Content/EditorMaterials/MatineeGroups/MAT_ColorTrack.uasset" 114
"../../../Engine/Content/EditorMaterials/MatineeGroups/MAT_Groups_Anim.uasset" 115
"../../../Engine/Content/EditorMaterials/MatineeGroups/MAT_Groups_AudioMaster.uasset" 116
"../../../Engine/Content/EditorMaterials/MatineeGroups/MAT_Groups_Director.uasset" 117
"../../../Engine/Content/EditorMaterials/MatineeGroups/MAT_Groups_Event.uasset" 118
"../../../Engine/Content/EditorMaterials/MatineeGroups/MAT_Groups_Fade.uasset" 119
"../../../Engine/Content/EditorMaterials/MatineeGroups/MAT_Groups_Float.uasset" 120
"../../../Engine/Content/EditorMaterials/MatineeGroups/MAT_Groups_Move.uasset" 121
"../../../Engine/Content/EditorMaterials/MatineeGroups/MAT_Groups_Slomo.uasset" 122
"../../../Engine/Content/EditorMaterials/MatineeGroups/MAT_Groups_Sound.uasset" 123
"../../../Engine/Content/EditorMaterials/MatineeGroups/MAT_Groups_Vector.uasset" 124
"../../../Engine/Content/EditorMaterials/ParticleSystems/PSysThumbnail_NoImage.uasset" 125
"../../../Engine/Content/EditorMaterials/ParticleSystems/PSysThumbnail_OOD.uasset" 126
"../../../Engine/Content/EditorMaterials/Camera/CineMat.uasset" 127
"../../../Engine/Content/EditorMaterials/Camera/MI_CineMat_Rig.uasset" 128
"../../../Engine/Content/EditorMeshes/Camera/SM_CraneRig_Arm.uasset" 129
"../../../Engine/Content/EditorMeshes/Camera/SM_CraneRig_Base.uasset" 130
"../../../Engine/Content/EditorMeshes/Camera/SM_CraneRig_Body.uasset" 131
"../../../Engine/Content/EditorMeshes/Camera/SM_CraneRig_Mount.uasset" 132
"../../../Engine/Content/EditorMeshes/Camera/SM_RailRig_Mount.uasset" 133
"../../../Engine/Content/EditorMeshes/Camera/SM_RailRig_Track.uasset" 134
"../../../Engine/Content/EditorResources/BSPVertex.uasset" 135
"../../../Engine/Content/EditorResources/EmptyActor.uasset" 136
"../../../Engine/Content/EditorResources/S_Actor.uasset" 137
"../../../Engine/Content/EditorResources/S_Note.uasset" 138
"../../../Engine/Content/EditorResources/S_Solver.uasset" 139
"../../../Engine/Content/EditorResources/S_Trigger.uasset" 140
"../../../Engine/Content/EditorResources/SequenceRecorder/Countdown.uasset" 141
"../../../Engine/Content/EditorResources/SequenceRecorder/RecordingIndicator.uasset" 142
"../../../Engine/Content/EditorSounds/Notifications/CompileFailed.uasset" 143
"../../../Engine/Content/EditorSounds/Notifications/CompileFailed_Cue.uasset" 144
"../../../Engine/Content/EditorSounds/Notifications/CompileSuccess.uasset" 145
"../../../Engine/Content/EditorSounds/Notifications/CompileStart_Cue.uasset" 146
"../../../Engine/Content/EditorSounds/Notifications/CompileSuccess_Cue.uasset" 147
"../../../Engine/Content/EngineDamageTypes/DmgTypeBP_Environmental.uasset" 148
"../../../Engine/Content/EngineDebugMaterials/DebugEditorMaterial.uasset" 149
"../../../Engine/Content/EngineDebugMaterials/DebugMeshMaterial.uasset" 150
"../../../Engine/Content/EngineDebugMaterials/M_SimpleUnlitTranslucent.uasset" 151
"../../../Engine/Content/Functions/Engine_MaterialFunctions02/Utility/CameraDirectionVector.uasset" 152
"../../../Engine/Content/EngineDebugMaterials/VolumeToRender.uasset" 153
"../../../Engine/Content/EngineDebugMaterials/M_VolumeRenderSphereTracePP.uasset" 154
"../../../Engine/Content/EngineDebugMaterials/WireframeMaterial.uasset" 155
"../../../Engine/Content/EngineFonts/Faces/DroidSansFallback.uasset" 156
"../../../Engine/Content/EngineFonts/Faces/RobotoBold.uasset" 157
"../../../Engine/Content/EngineFonts/Faces/RobotoBoldItalic.uasset" 158
"../../../Engine/Content/EngineFonts/Faces/RobotoItalic.uasset" 159
"../../../Engine/Content/EngineFonts/Faces/RobotoLight.uasset" 160
"../../../Engine/Content/EngineFonts/Faces/RobotoRegular.uasset" 161
"../../../Engine/Content/EngineFonts/Roboto.uasset" 162
"../../../Engine/Content/EngineMaterials/BaseFlattenDiffuseMap.uasset" 163
"../../../Engine/Content/EngineMaterials/BaseFlattenEmissiveMap.uasset" 164
"../../../Engine/Content/EngineMaterials/BaseFlattenGrayscaleMap.uasset" 165
"../../../Engine/Content/EngineMaterials/BaseFlattenNormalMap.uasset" 166
"../../../Engine/Content/EngineMaterials/BaseFlattenMaterial.uasset" 167
"../../../Engine/Content/EngineMaterials/BlueNoise.uasset" 168
"../../../Engine/Content/EngineMaterials/DefaultBloomKernel.uasset" 169
"../../../Engine/Content/EngineMaterials/DefaultBokeh.uasset" 170
"../../../Engine/Content/EngineMaterials/DefaultDiffuse.uasset" 171
"../../../Engine/Content/EngineMaterials/DefaultDeferredDecalMaterial.uasset" 172
"../../../Engine/Content/EngineMaterials/DefaultLightFunctionMaterial.uasset" 173
"../../../Engine/Content/EngineMaterials/DefaultPhysicalMaterial.uasset" 174
"../../../Engine/Content/Functions/Engine_MaterialFunctions02/Utility/BreakOutFloat2Components.uasset" 175
"../../../Engine/Content/EngineMaterials/DefaultPostProcessMaterial.uasset" 176
"../../../Engine/Content/EngineFonts/RobotoDistanceField.uasset" 177
"../../../Engine/Content/EngineMaterials/DefaultTextMaterialOpaque.uasset" 178
"../../../Engine/Content/EngineMaterials/DefaultWhiteGrid.uasset" 179
"../../../Engine/Content/EngineMaterials/DefaultWhiteGrid_Low.uasset" 180
"../../../Engine/Content/EngineMaterials/EmissiveMeshMaterial.uasset" 181
"../../../Engine/Content/EngineMaterials/GizmoMaterial.uasset" 182
"../../../Engine/Content/EngineMaterials/Good64x64TilingNoiseHighFreq.uasset" 183
"../../../Engine/Content/EngineMaterials/MiniFont.uasset" 184
"../../../Engine/Content/EngineMaterials/InvalidLightmapSettings.uasset" 185
"../../../Engine/Content/EngineMaterials/M_InvalidLightmapSettings.uasset" 186
"../../../Engine/Content/Functions/Engine_MaterialFunctions02/WorldPositionOffset/CameraOffset.uasset" 187
"../../../Engine/Content/EngineMaterials/PhAT_JointLimitMaterial.uasset" 188
"../../../Engine/Content/EngineMaterials/PreintegratedSkinBRDF.uasset" 189
"../../../Engine/Content/EngineMaterials/RemoveSurfaceMaterial.uasset" 190
"../../../Engine/Content/EngineMaterials/WeightMapPlaceholderTexture.uasset" 191
"../../../Engine/Content/EngineResources/WhiteSquareTexture.uasset" 192
"../../../Engine/Content/EngineMaterials/Widget3DPassThrough.uasset" 193
"../../../Engine/Content/EngineMaterials/Widget3DPassThrough_Masked.uasset" 194
"../../../Engine/Content/EngineMaterials/Widget3DPassThrough_Opaque.uasset" 195
"../../../Engine/Content/EngineMaterials/Widget3DPassThrough_Masked_OneSided.uasset" 196
"../../../Engine/Content/EngineMaterials/Widget3DPassThrough_Opaque_OneSided.uasset" 197
"../../../Engine/Content/EngineMaterials/Widget3DPassThrough_Translucent.uasset" 198
"../../../Engine/Content/EngineMaterials/Widget3DPassThrough_Translucent_OneSided.uasset" 199
"../../../Engine/Content/EngineMeshes/Cylinder.uasset" 200
"../../../Engine/Content/EngineMeshes/Sphere.uasset" 201
"../../../Engine/Content/EngineResources/Black.uasset" 202
"../../../Engine/Content/EngineResources/DefaultTexture.uasset" 203
"../../../Engine/Content/EngineResources/DefaultTextureCube.uasset" 204
"../../../Engine/Content/EngineResources/DefaultVolumeTexture2D.uasset" 205
"../../../Engine/Content/EngineResources/DefaultVolumeTexture.uasset" 206
"../../../Engine/Content/EngineResources/GradientTexture0.uasset" 207
"../../../Engine/Content/EngineSounds/Master.uasset" 208
"../../../Engine/Content/Functions/Engine_MaterialFunctions01/Shading/ConvertFromDiffSpec.uasset" 209
"../../../Engine/Content/Functions/Engine_MaterialFunctions01/Shading/PowerToRoughness.uasset" 210
"../../../Engine/Content/Maps/Templates/Thumbnails/Default.uasset" 211
"../../../Engine/Content/Maps/Templates/Thumbnails/TimeOfDay.uasset" 212
"../../../Engine/Content/Maps/Templates/Thumbnails/VR-Basic.uasset" 213
"../../../Engine/Content/MobileResources/T_MobileControls_texture.uasset" 214
"../../../Engine/Content/MobileResources/T_MobileMenu2.uasset" 215
"../../../Engine/Content/MobileResources/HUD/AnalogHat.uasset" 216
"../../../Engine/Content/MobileResources/HUD/VirtualJoystick_Background.uasset" 217
"../../../Engine/Content/MobileResources/HUD/VirtualJoystick_Thumb.uasset" 218
"../../../Engine/Content/MobileResources/HUD/DefaultVirtualJoysticks.uasset" 219
"../../../Engine/Content/MobileResources/HUD/LeftVirtualJoystickOnly.uasset" 220
"../../../Engine/Content/MobileResources/HUD/MobileHUDButton1_off.uasset" 221
"../../../Engine/Content/MobileResources/HUD/MobileHUDButton1_on.uasset" 222
"../../../Engine/Content/MobileResources/HUD/MobileHUDButton2_off.uasset" 223
"../../../Engine/Content/MobileResources/HUD/MobileHUDButton2_on.uasset" 224
"../../../Engine/Content/MobileResources/HUD/MobileHUDButton3.uasset" 225
"../../../Engine/Content/MobileResources/HUD/MobileHUDButtonFire.uasset" 226
"../../../Engine/Content/MobileResources/HUD/MobileHUDDirectionPad.uasset" 227
"../../../Engine/Content/MobileResources/HUD/MobileHUDDirectionPad2.uasset" 228
"../../../Engine/Content/MobileResources/HUD/MobileHUDDirectionPad3.uasset" 229
"../../../Engine/Content/MobileResources/HUD/MobileHUDDirectionStick.uasset" 230
"../../../Engine/Content/MobileResources/HUD/T_Castle_ThumbstickInner.uasset" 231
"../../../Engine/Content/MobileResources/HUD/T_Castle_ThumbstickOutter.uasset" 232
"../../../Engine/Content/Tutorial/ContentIntroCurve.uasset" 233
"../../../Engine/Content/Tutorial/Basics/LevelEditorAttract.uasset" 234
"../../../Engine/Content/VREditor/LaserPointer/VR_LaserPower_01.uasset" 235
"../../../Engine/Content/VREditor/TransformGizmo/TransformGizmoMaterial.uasset" 236
"../../../Engine/Content/VREditor/TransformGizmo/TranslucentTransformGizmoMaterial.uasset" 237
"../../../Engine/Content/VREditor/TransformGizmo/BoundingBoxCorner.uasset" 238
"../../../Engine/Content/VREditor/TransformGizmo/BoundingBoxEdge.uasset" 239
"../../../Engine/Content/VREditor/TransformGizmo/PlaneTranslationHandle.uasset" 240
"../../../Engine/Content/VREditor/TransformGizmo/Main.uasset" 241
"../../../Engine/Content/VREditor/TransformGizmo/Xray.uasset" 242
"../../../Engine/Content/VREditor/TransformGizmo/SM_Sequencer_Key.uasset" 243
"../../../Engine/Content/VREditor/TransformGizmo/SM_Sequencer_Node.uasset" 244
"../../Plugins/2D/Paper2D/Content/PlaceholderTextures/DummySpriteTexture.uasset" 245
"../../Plugins/2D/Paper2D/Content/DummySprite.uasset" 246
"../../Plugins/2D/Paper2D/Content/DefaultPaperTerrainMaterial.uasset" 247
"../../Plugins/2D/Paper2D/Content/DefaultSpriteMaterial.uasset" 248
"../../Plugins/2D/Paper2D/Content/MaskedUnlitSpriteMaterial.uasset" 249
"../../Plugins/2D/Paper2D/Content/OpaqueUnlitSpriteMaterial.uasset" 250
"../../Plugins/FX/Niagara/Content/Enums/ENiagaraBooleanLogicOps.uasset" 251
"../../Plugins/FX/Niagara/Content/Enums/ENiagaraCoordinateSpace.uasset" 252
"../../Plugins/FX/Niagara/Content/Enums/ENiagaraExpansionMode.uasset" 253
"../../Plugins/FX/Niagara/Content/Enums/ENiagaraOrientationAxis.uasset" 254
"../../Plugins/FX/Niagara/Content/Enums/ENiagaraRandomnessMode.uasset" 255
"../../../Engine/Content/Functions/Engine_MaterialFunctions02/Utility/BreakOutFloat4Components.uasset" 256
"../../../Engine/Content/Functions/Engine_MaterialFunctions02/Utility/MakeFloat3.uasset" 257
"../../Plugins/Runtime/Oculus/OculusVR/Content/Materials/OculusMR_ChromaKey.uasset" 258
"../../Plugins/Runtime/Oculus/OculusVR/Content/Materials/OculusMR_ChromaKey_Lit.uasset" 259
"../../Plugins/Runtime/Oculus/OculusVR/Content/Materials/OculusMR_OpaqueColoredMaterial.uasset" 260
"../../Plugins/Runtime/Oculus/OculusVR/Content/Materials/OculusMR_WhiteMaterial.uasset" 261
"../../../Engine/Content/EngineSky/C_Sky_Cloud_Color.uasset" 262
"../../../Engine/Content/EngineSky/C_Sky_Horizon_Color.uasset" 263
"../../../Engine/Content/EngineSky/C_Sky_Zenith_Color.uasset" 264
"../../../Engine/Content/EngineSky/T_Sky_Blue.uasset" 265
"../../../Engine/Content/EngineSky/T_Sky_Clouds_M.uasset" 266
"../../../Engine/Content/EngineSky/T_Sky_Stars.uasset" 267
"../../../Engine/Content/EngineSky/M_Sky_Panning_Clouds2.uasset" 268
"../../../Engine/Content/EngineSky/SM_SkySphere.uasset" 269
"../../../Engine/Content/EngineSky/BP_Sky_Sphere.uasset" 270
"../../../../../Documents/GitHub/TheFugletProblem2/Content/kiddo/kiddo.uasset" 271
"../../../../../Documents/GitHub/TheFugletProblem2/Content/kiddo/kiddoeyes.uasset" 272
"../../../../../Documents/GitHub/TheFugletProblem2/Content/kiddo/kiddotongue.uasset" 273
"../../../../../Documents/GitHub/TheFugletProblem2/Content/kiddo/kiddo_Mat.uasset" 274
"../../../../../Documents/GitHub/TheFugletProblem2/Content/kiddo/kiddo_Mat_Inst.uasset" 275
"../../../../../Documents/GitHub/TheFugletProblem2/Content/kiddo/BP_Kiddo.uasset" 276
"../../../../../Documents/GitHub/TheFugletProblem2/Content/Starter/SideScrollerBP/Maps/SideScrollerExampleMap_BuiltData.uasset" 277
"../../../../../Documents/GitHub/TheFugletProblem2/Content/11978.uasset" 278
"../../../../../Documents/GitHub/TheFugletProblem2/Content/bouncy.uasset" 279
"../../../../../Documents/GitHub/TheFugletProblem2/Content/11978_Mat.uasset" 280
"../../../../../Documents/GitHub/TheFugletProblem2/Content/14740.uasset" 281
"../../../../../Documents/GitHub/TheFugletProblem2/Content/14740_Mat.uasset" 282
"../../../../../Documents/GitHub/TheFugletProblem2/Content/glass.uasset" 283
"../../../../../Documents/GitHub/TheFugletProblem2/Content/11978_Mat_Inst.uasset" 284
"../../../Engine/Content/BasicShapes/Cube.uasset" 285
"../../../../../Documents/GitHub/TheFugletProblem2/Content/fugletfood.uasset" 286
"../../../../../Documents/GitHub/TheFugletProblem2/Content/EndScreen.uasset" 287
"../../../../../Documents/GitHub/TheFugletProblem2/Content/Material.uasset" 288
"../../../../../Documents/GitHub/TheFugletProblem2/Content/rad.uasset" 289
"../../../../../Documents/GitHub/TheFugletProblem2/Content/ScreenText.uasset" 290
"../../../../../Documents/GitHub/TheFugletProblem2/Content/Starter/Geometry/Meshes/1M_Cube.uasset" 291
"../../../../../Documents/GitHub/TheFugletProblem2/Content/Starter/Geometry/Meshes/TemplateFloor.uasset" 292
"../../../../../Documents/GitHub/TheFugletProblem2/Content/Starter/SideScrollerBP/Maps/SideScrollerExampleMap.umap" 293
"../../../Engine/Content/Maps/Entry_BuiltData.uasset" 294
"../../../Engine/Content/Maps/Entry.umap" 295
